The target system is: Generic -  - arm
The host system is: Linux - 4.4.0-17763-Microsoft - x86_64
Compiling the C compiler identification source file "CMakeCCompilerId.c" succeeded.
Compiler: /mnt/e/watch/WeixinCMake_Project/WeixinCMake/ToolChain/linux/gcc-arm-none-eabi-9-2019-q4-major/bin/arm-none-eabi-gcc 
Build flags: -mcpu=cortex-m33;-mfpu=fpv5-sp-d16;-mfloat-abi=hard;-mthumb;-specs=nosys.specs;-specs=nano.specs;-Wall;-fdata-sections;-ffunction-sections;-fmerge-constants;-floop-optimize
Id flags: 

The output was:
0


Compilation of the C compiler identification source "CMakeCCompilerId.c" produced "a.out"

The C compiler identification is GNU, found in "/mnt/e/watch/WeixinCMake_Project/WeixinCMake/build/CMakeFiles/3.3.2/CompilerIdC/a.out"

Compiling the CXX compiler identification source file "CMakeCXXCompilerId.cpp" succeeded.
Compiler: /mnt/e/watch/WeixinCMake_Project/WeixinCMake/ToolChain/linux/gcc-arm-none-eabi-9-2019-q4-major/bin/arm-none-eabi-g++ 
Build flags: -mcpu=cortex-m33;-mfpu=fpv5-sp-d16;-mfloat-abi=hard;-mthumb;-std=c++11;-specs=nosys.specs;-specs=nano.specs;-Wall;-fdata-sections;-ffunction-sections;-fmerge-constants;-floop-optimize
Id flags: 

The output was:
0


Compilation of the CXX compiler identification source "CMakeCXXCompilerId.cpp" produced "a.out"

The CXX compiler identification is GNU, found in "/mnt/e/watch/WeixinCMake_Project/WeixinCMake/build/CMakeFiles/3.3.2/CompilerIdCXX/a.out"

Determining if the C compiler works passed with the following output:
Change Dir: /mnt/e/watch/WeixinCMake_Project/WeixinCMake/build/CMakeFiles/CMakeTmp

Run Build Command:"/usr/bin/make" "cmTC_40751/fast"
/usr/bin/make -f CMakeFiles/cmTC_40751.dir/build.make CMakeFiles/cmTC_40751.dir/build
make[1]: Entering directory '/mnt/e/watch/WeixinCMake_Project/WeixinCMake/build/CMakeFiles/CMakeTmp'
Building C object CMakeFiles/cmTC_40751.dir/testCCompiler.c.obj
/mnt/e/watch/WeixinCMake_Project/WeixinCMake/ToolChain/linux/gcc-arm-none-eabi-9-2019-q4-major/bin/arm-none-eabi-gcc    -o CMakeFiles/cmTC_40751.dir/testCCompiler.c.obj   -c /mnt/e/watch/WeixinCMake_Project/WeixinCMake/build/CMakeFiles/CMakeTmp/testCCompiler.c
Linking C executable cmTC_40751
/usr/local/bin/cmake -E cmake_link_script CMakeFiles/cmTC_40751.dir/link.txt --verbose=1
/mnt/e/watch/WeixinCMake_Project/WeixinCMake/ToolChain/linux/gcc-arm-none-eabi-9-2019-q4-major/bin/arm-none-eabi-gcc     --specs=nosys.specs --specs=nano.specs  CMakeFiles/cmTC_40751.dir/testCCompiler.c.obj  -o cmTC_40751  
make[1]: Leaving directory '/mnt/e/watch/WeixinCMake_Project/WeixinCMake/build/CMakeFiles/CMakeTmp'


Detecting C compiler ABI info compiled with the following output:
Change Dir: /mnt/e/watch/WeixinCMake_Project/WeixinCMake/build/CMakeFiles/CMakeTmp

Run Build Command:"/usr/bin/make" "cmTC_47634/fast"
/usr/bin/make -f CMakeFiles/cmTC_47634.dir/build.make CMakeFiles/cmTC_47634.dir/build
make[1]: Entering directory '/mnt/e/watch/WeixinCMake_Project/WeixinCMake/build/CMakeFiles/CMakeTmp'
Building C object CMakeFiles/cmTC_47634.dir/CMakeCCompilerABI.c.obj
/mnt/e/watch/WeixinCMake_Project/WeixinCMake/ToolChain/linux/gcc-arm-none-eabi-9-2019-q4-major/bin/arm-none-eabi-gcc    -o CMakeFiles/cmTC_47634.dir/CMakeCCompilerABI.c.obj   -c /usr/local/share/cmake-3.3/Modules/CMakeCCompilerABI.c
Linking C executable cmTC_47634
/usr/local/bin/cmake -E cmake_link_script CMakeFiles/cmTC_47634.dir/link.txt --verbose=1
/mnt/e/watch/WeixinCMake_Project/WeixinCMake/ToolChain/linux/gcc-arm-none-eabi-9-2019-q4-major/bin/arm-none-eabi-gcc     --specs=nosys.specs --specs=nano.specs -v CMakeFiles/cmTC_47634.dir/CMakeCCompilerABI.c.obj  -o cmTC_47634   
Using built-in specs.
Reading specs from /mnt/e/watch/WeixinCMake_Project/WeixinCMake/ToolChain/linux/gcc-arm-none-eabi-9-2019-q4-major/bin/../lib/gcc/arm-none-eabi/9.2.1/../../../../arm-none-eabi/lib/nosys.specs
rename spec link_gcc_c_sequence to nosys_link_gcc_c_sequence
Reading specs from /mnt/e/watch/WeixinCMake_Project/WeixinCMake/ToolChain/linux/gcc-arm-none-eabi-9-2019-q4-major/bin/../lib/gcc/arm-none-eabi/9.2.1/../../../../arm-none-eabi/lib/nano.specs
rename spec link to nano_link
rename spec link_gcc_c_sequence to nano_link_gcc_c_sequence
rename spec cpp_unique_options to nano_cpp_unique_options
COLLECT_GCC=/mnt/e/watch/WeixinCMake_Project/WeixinCMake/ToolChain/linux/gcc-arm-none-eabi-9-2019-q4-major/bin/arm-none-eabi-gcc
COLLECT_LTO_WRAPPER=/mnt/e/watch/WeixinCMake_Project/WeixinCMake/ToolChain/linux/gcc-arm-none-eabi-9-2019-q4-major/bin/../lib/gcc/arm-none-eabi/9.2.1/lto-wrapper
Target: arm-none-eabi
Configured with: /mnt/workspace/workspace/GCC-9-pipeline/jenkins-GCC-9-pipeline-100_20191030_1572397542/src/gcc/configure --target=arm-none-eabi --prefix=/mnt/workspace/workspace/GCC-9-pipeline/jenkins-GCC-9-pipeline-100_20191030_1572397542/install-native --libexecdir=/mnt/workspace/workspace/GCC-9-pipeline/jenkins-GCC-9-pipeline-100_20191030_1572397542/install-native/lib --infodir=/mnt/workspace/workspace/GCC-9-pipeline/jenkins-GCC-9-pipeline-100_20191030_1572397542/install-native/share/doc/gcc-arm-none-eabi/info --mandir=/mnt/workspace/workspace/GCC-9-pipeline/jenkins-GCC-9-pipeline-100_20191030_1572397542/install-native/share/doc/gcc-arm-none-eabi/man --htmldir=/mnt/workspace/workspace/GCC-9-pipeline/jenkins-GCC-9-pipeline-100_20191030_1572397542/install-native/share/doc/gcc-arm-none-eabi/html --pdfdir=/mnt/workspace/workspace/GCC-9-pipeline/jenkins-GCC-9-pipeline-100_20191030_1572397542/install-native/share/doc/gcc-arm-none-eabi/pdf --enable-languages=c,c++ --enable-plugins --disable-decimal-float --disable-libffi --disable-libgomp --disable-libmudflap --disable-libquadmath --disable-libssp --disable-libstdcxx-pch --disable-nls --disable-shared --disable-threads --disable-tls --with-gnu-as --with-gnu-ld --with-newlib --with-headers=yes --with-python-dir=share/gcc-arm-none-eabi --with-sysroot=/mnt/workspace/workspace/GCC-9-pipeline/jenkins-GCC-9-pipeline-100_20191030_1572397542/install-native/arm-none-eabi --build=x86_64-linux-gnu --host=x86_64-linux-gnu --with-gmp=/mnt/workspace/workspace/GCC-9-pipeline/jenkins-GCC-9-pipeline-100_20191030_1572397542/build-native/host-libs/usr --with-mpfr=/mnt/workspace/workspace/GCC-9-pipeline/jenkins-GCC-9-pipeline-100_20191030_1572397542/build-native/host-libs/usr --with-mpc=/mnt/workspace/workspace/GCC-9-pipeline/jenkins-GCC-9-pipeline-100_20191030_1572397542/build-native/host-libs/usr --with-isl=/mnt/workspace/workspace/GCC-9-pipeline/jenkins-GCC-9-pipeline-100_20191030_1572397542/build-native/host-libs/usr --with-libelf=/mnt/workspace/workspace/GCC-9-pipeline/jenkins-GCC-9-pipeline-100_20191030_1572397542/build-native/host-libs/usr --with-host-libstdcxx='-static-libgcc -Wl,-Bstatic,-lstdc++,-Bdynamic -lm' --with-pkgversion='GNU Tools for Arm Embedded Processors 9-2019-q4-major' --with-multilib-list=rmprofile
Thread model: single
gcc version 9.2.1 20191025 (release) [ARM/arm-9-branch revision 277599] (GNU Tools for Arm Embedded Processors 9-2019-q4-major) 
COMPILER_PATH=/mnt/e/watch/WeixinCMake_Project/WeixinCMake/ToolChain/linux/gcc-arm-none-eabi-9-2019-q4-major/bin/../lib/gcc/arm-none-eabi/9.2.1/:/mnt/e/watch/WeixinCMake_Project/WeixinCMake/ToolChain/linux/gcc-arm-none-eabi-9-2019-q4-major/bin/../lib/gcc/:/mnt/e/watch/WeixinCMake_Project/WeixinCMake/ToolChain/linux/gcc-arm-none-eabi-9-2019-q4-major/bin/../lib/gcc/arm-none-eabi/9.2.1/../../../../arm-none-eabi/bin/
LIBRARY_PATH=/mnt/e/watch/WeixinCMake_Project/WeixinCMake/ToolChain/linux/gcc-arm-none-eabi-9-2019-q4-major/bin/../lib/gcc/arm-none-eabi/9.2.1/:/mnt/e/watch/WeixinCMake_Project/WeixinCMake/ToolChain/linux/gcc-arm-none-eabi-9-2019-q4-major/bin/../lib/gcc/:/mnt/e/watch/WeixinCMake_Project/WeixinCMake/ToolChain/linux/gcc-arm-none-eabi-9-2019-q4-major/bin/../lib/gcc/arm-none-eabi/9.2.1/../../../../arm-none-eabi/lib/:/mnt/e/watch/WeixinCMake_Project/WeixinCMake/ToolChain/linux/gcc-arm-none-eabi-9-2019-q4-major/bin/../arm-none-eabi/lib/
COLLECT_GCC_OPTIONS='-specs=nosys.specs' '-specs=nano.specs' '-v' '-o' 'cmTC_47634' '-mcpu=arm7tdmi' '-mfloat-abi=soft' '-marm' '-march=armv4t'
 /mnt/e/watch/WeixinCMake_Project/WeixinCMake/ToolChain/linux/gcc-arm-none-eabi-9-2019-q4-major/bin/../lib/gcc/arm-none-eabi/9.2.1/collect2 -plugin /mnt/e/watch/WeixinCMake_Project/WeixinCMake/ToolChain/linux/gcc-arm-none-eabi-9-2019-q4-major/bin/../lib/gcc/arm-none-eabi/9.2.1/liblto_plugin.so -plugin-opt=/mnt/e/watch/WeixinCMake_Project/WeixinCMake/ToolChain/linux/gcc-arm-none-eabi-9-2019-q4-major/bin/../lib/gcc/arm-none-eabi/9.2.1/lto-wrapper -plugin-opt=-fresolution=/tmp/ccniWoii.res -plugin-opt=-pass-through=-lgcc -plugin-opt=-pass-through=-lc_nano -plugin-opt=-pass-through=-lgcc -plugin-opt=-pass-through=-lc_nano -plugin-opt=-pass-through=-lnosys -plugin-opt=-pass-through=-lgcc -plugin-opt=-pass-through=-lc_nano -plugin-opt=-pass-through=-lnosys --sysroot=/mnt/e/watch/WeixinCMake_Project/WeixinCMake/ToolChain/linux/gcc-arm-none-eabi-9-2019-q4-major/bin/../arm-none-eabi -X -o cmTC_47634 /mnt/e/watch/WeixinCMake_Project/WeixinCMake/ToolChain/linux/gcc-arm-none-eabi-9-2019-q4-major/bin/../lib/gcc/arm-none-eabi/9.2.1/crti.o /mnt/e/watch/WeixinCMake_Project/WeixinCMake/ToolChain/linux/gcc-arm-none-eabi-9-2019-q4-major/bin/../lib/gcc/arm-none-eabi/9.2.1/crtbegin.o /mnt/e/watch/WeixinCMake_Project/WeixinCMake/ToolChain/linux/gcc-arm-none-eabi-9-2019-q4-major/bin/../lib/gcc/arm-none-eabi/9.2.1/../../../../arm-none-eabi/lib/crt0.o -L/mnt/e/watch/WeixinCMake_Project/WeixinCMake/ToolChain/linux/gcc-arm-none-eabi-9-2019-q4-major/bin/../lib/gcc/arm-none-eabi/9.2.1 -L/mnt/e/watch/WeixinCMake_Project/WeixinCMake/ToolChain/linux/gcc-arm-none-eabi-9-2019-q4-major/bin/../lib/gcc -L/mnt/e/watch/WeixinCMake_Project/WeixinCMake/ToolChain/linux/gcc-arm-none-eabi-9-2019-q4-major/bin/../lib/gcc/arm-none-eabi/9.2.1/../../../../arm-none-eabi/lib -L/mnt/e/watch/WeixinCMake_Project/WeixinCMake/ToolChain/linux/gcc-arm-none-eabi-9-2019-q4-major/bin/../arm-none-eabi/lib CMakeFiles/cmTC_47634.dir/CMakeCCompilerABI.c.obj --start-group -lgcc -lc_nano --end-group --start-group -lgcc -lc_nano -lnosys --end-group --start-group -lgcc -lc_nano -lnosys --end-group /mnt/e/watch/WeixinCMake_Project/WeixinCMake/ToolChain/linux/gcc-arm-none-eabi-9-2019-q4-major/bin/../lib/gcc/arm-none-eabi/9.2.1/crtend.o /mnt/e/watch/WeixinCMake_Project/WeixinCMake/ToolChain/linux/gcc-arm-none-eabi-9-2019-q4-major/bin/../lib/gcc/arm-none-eabi/9.2.1/crtn.o
COLLECT_GCC_OPTIONS='-specs=nosys.specs' '-specs=nano.specs' '-v' '-o' 'cmTC_47634' '-mcpu=arm7tdmi' '-mfloat-abi=soft' '-marm' '-march=armv4t'
make[1]: Leaving directory '/mnt/e/watch/WeixinCMake_Project/WeixinCMake/build/CMakeFiles/CMakeTmp'


Parsed C implicit link information from above output:
  link line regex: [^( *|.*[/\])(arm-none-eabi-ld|([^/\]+-)?ld|collect2)[^/\]*( |$)]
  ignore line: [Change Dir: /mnt/e/watch/WeixinCMake_Project/WeixinCMake/build/CMakeFiles/CMakeTmp]
  ignore line: []
  ignore line: [Run Build Command:"/usr/bin/make" "cmTC_47634/fast"]
  ignore line: [/usr/bin/make -f CMakeFiles/cmTC_47634.dir/build.make CMakeFiles/cmTC_47634.dir/build]
  ignore line: [make[1]: Entering directory '/mnt/e/watch/WeixinCMake_Project/WeixinCMake/build/CMakeFiles/CMakeTmp']
  ignore line: [Building C object CMakeFiles/cmTC_47634.dir/CMakeCCompilerABI.c.obj]
  ignore line: [/mnt/e/watch/WeixinCMake_Project/WeixinCMake/ToolChain/linux/gcc-arm-none-eabi-9-2019-q4-major/bin/arm-none-eabi-gcc    -o CMakeFiles/cmTC_47634.dir/CMakeCCompilerABI.c.obj   -c /usr/local/share/cmake-3.3/Modules/CMakeCCompilerABI.c]
  ignore line: [Linking C executable cmTC_47634]
  ignore line: [/usr/local/bin/cmake -E cmake_link_script CMakeFiles/cmTC_47634.dir/link.txt --verbose=1]
  ignore line: [/mnt/e/watch/WeixinCMake_Project/WeixinCMake/ToolChain/linux/gcc-arm-none-eabi-9-2019-q4-major/bin/arm-none-eabi-gcc     --specs=nosys.specs --specs=nano.specs -v CMakeFiles/cmTC_47634.dir/CMakeCCompilerABI.c.obj  -o cmTC_47634   ]
  ignore line: [Using built-in specs.]
  ignore line: [Reading specs from /mnt/e/watch/WeixinCMake_Project/WeixinCMake/ToolChain/linux/gcc-arm-none-eabi-9-2019-q4-major/bin/../lib/gcc/arm-none-eabi/9.2.1/../../../../arm-none-eabi/lib/nosys.specs]
  ignore line: [rename spec link_gcc_c_sequence to nosys_link_gcc_c_sequence]
  ignore line: [Reading specs from /mnt/e/watch/WeixinCMake_Project/WeixinCMake/ToolChain/linux/gcc-arm-none-eabi-9-2019-q4-major/bin/../lib/gcc/arm-none-eabi/9.2.1/../../../../arm-none-eabi/lib/nano.specs]
  ignore line: [rename spec link to nano_link]
  ignore line: [rename spec link_gcc_c_sequence to nano_link_gcc_c_sequence]
  ignore line: [rename spec cpp_unique_options to nano_cpp_unique_options]
  ignore line: [COLLECT_GCC=/mnt/e/watch/WeixinCMake_Project/WeixinCMake/ToolChain/linux/gcc-arm-none-eabi-9-2019-q4-major/bin/arm-none-eabi-gcc]
  ignore line: [COLLECT_LTO_WRAPPER=/mnt/e/watch/WeixinCMake_Project/WeixinCMake/ToolChain/linux/gcc-arm-none-eabi-9-2019-q4-major/bin/../lib/gcc/arm-none-eabi/9.2.1/lto-wrapper]
  ignore line: [Target: arm-none-eabi]
  ignore line: [Configured with: /mnt/workspace/workspace/GCC-9-pipeline/jenkins-GCC-9-pipeline-100_20191030_1572397542/src/gcc/configure --target=arm-none-eabi --prefix=/mnt/workspace/workspace/GCC-9-pipeline/jenkins-GCC-9-pipeline-100_20191030_1572397542/install-native --libexecdir=/mnt/workspace/workspace/GCC-9-pipeline/jenkins-GCC-9-pipeline-100_20191030_1572397542/install-native/lib --infodir=/mnt/workspace/workspace/GCC-9-pipeline/jenkins-GCC-9-pipeline-100_20191030_1572397542/install-native/share/doc/gcc-arm-none-eabi/info --mandir=/mnt/workspace/workspace/GCC-9-pipeline/jenkins-GCC-9-pipeline-100_20191030_1572397542/install-native/share/doc/gcc-arm-none-eabi/man --htmldir=/mnt/workspace/workspace/GCC-9-pipeline/jenkins-GCC-9-pipeline-100_20191030_1572397542/install-native/share/doc/gcc-arm-none-eabi/html --pdfdir=/mnt/workspace/workspace/GCC-9-pipeline/jenkins-GCC-9-pipeline-100_20191030_1572397542/install-native/share/doc/gcc-arm-none-eabi/pdf --enable-languages=c,c++ --enable-plugins --disable-decimal-float --disable-libffi --disable-libgomp --disable-libmudflap --disable-libquadmath --disable-libssp --disable-libstdcxx-pch --disable-nls --disable-shared --disable-threads --disable-tls --with-gnu-as --with-gnu-ld --with-newlib --with-headers=yes --with-python-dir=share/gcc-arm-none-eabi --with-sysroot=/mnt/workspace/workspace/GCC-9-pipeline/jenkins-GCC-9-pipeline-100_20191030_1572397542/install-native/arm-none-eabi --build=x86_64-linux-gnu --host=x86_64-linux-gnu --with-gmp=/mnt/workspace/workspace/GCC-9-pipeline/jenkins-GCC-9-pipeline-100_20191030_1572397542/build-native/host-libs/usr --with-mpfr=/mnt/workspace/workspace/GCC-9-pipeline/jenkins-GCC-9-pipeline-100_20191030_1572397542/build-native/host-libs/usr --with-mpc=/mnt/workspace/workspace/GCC-9-pipeline/jenkins-GCC-9-pipeline-100_20191030_1572397542/build-native/host-libs/usr --with-isl=/mnt/workspace/workspace/GCC-9-pipeline/jenkins-GCC-9-pipeline-100_20191030_1572397542/build-native/host-libs/usr --with-libelf=/mnt/workspace/workspace/GCC-9-pipeline/jenkins-GCC-9-pipeline-100_20191030_1572397542/build-native/host-libs/usr --with-host-libstdcxx='-static-libgcc -Wl,-Bstatic,-lstdc++,-Bdynamic -lm' --with-pkgversion='GNU Tools for Arm Embedded Processors 9-2019-q4-major' --with-multilib-list=rmprofile]
  ignore line: [Thread model: single]
  ignore line: [gcc version 9.2.1 20191025 (release) [ARM/arm-9-branch revision 277599] (GNU Tools for Arm Embedded Processors 9-2019-q4-major) ]
  ignore line: [COMPILER_PATH=/mnt/e/watch/WeixinCMake_Project/WeixinCMake/ToolChain/linux/gcc-arm-none-eabi-9-2019-q4-major/bin/../lib/gcc/arm-none-eabi/9.2.1/:/mnt/e/watch/WeixinCMake_Project/WeixinCMake/ToolChain/linux/gcc-arm-none-eabi-9-2019-q4-major/bin/../lib/gcc/:/mnt/e/watch/WeixinCMake_Project/WeixinCMake/ToolChain/linux/gcc-arm-none-eabi-9-2019-q4-major/bin/../lib/gcc/arm-none-eabi/9.2.1/../../../../arm-none-eabi/bin/]
  ignore line: [LIBRARY_PATH=/mnt/e/watch/WeixinCMake_Project/WeixinCMake/ToolChain/linux/gcc-arm-none-eabi-9-2019-q4-major/bin/../lib/gcc/arm-none-eabi/9.2.1/:/mnt/e/watch/WeixinCMake_Project/WeixinCMake/ToolChain/linux/gcc-arm-none-eabi-9-2019-q4-major/bin/../lib/gcc/:/mnt/e/watch/WeixinCMake_Project/WeixinCMake/ToolChain/linux/gcc-arm-none-eabi-9-2019-q4-major/bin/../lib/gcc/arm-none-eabi/9.2.1/../../../../arm-none-eabi/lib/:/mnt/e/watch/WeixinCMake_Project/WeixinCMake/ToolChain/linux/gcc-arm-none-eabi-9-2019-q4-major/bin/../arm-none-eabi/lib/]
  ignore line: [COLLECT_GCC_OPTIONS='-specs=nosys.specs' '-specs=nano.specs' '-v' '-o' 'cmTC_47634' '-mcpu=arm7tdmi' '-mfloat-abi=soft' '-marm' '-march=armv4t']
  link line: [ /mnt/e/watch/WeixinCMake_Project/WeixinCMake/ToolChain/linux/gcc-arm-none-eabi-9-2019-q4-major/bin/../lib/gcc/arm-none-eabi/9.2.1/collect2 -plugin /mnt/e/watch/WeixinCMake_Project/WeixinCMake/ToolChain/linux/gcc-arm-none-eabi-9-2019-q4-major/bin/../lib/gcc/arm-none-eabi/9.2.1/liblto_plugin.so -plugin-opt=/mnt/e/watch/WeixinCMake_Project/WeixinCMake/ToolChain/linux/gcc-arm-none-eabi-9-2019-q4-major/bin/../lib/gcc/arm-none-eabi/9.2.1/lto-wrapper -plugin-opt=-fresolution=/tmp/ccniWoii.res -plugin-opt=-pass-through=-lgcc -plugin-opt=-pass-through=-lc_nano -plugin-opt=-pass-through=-lgcc -plugin-opt=-pass-through=-lc_nano -plugin-opt=-pass-through=-lnosys -plugin-opt=-pass-through=-lgcc -plugin-opt=-pass-through=-lc_nano -plugin-opt=-pass-through=-lnosys --sysroot=/mnt/e/watch/WeixinCMake_Project/WeixinCMake/ToolChain/linux/gcc-arm-none-eabi-9-2019-q4-major/bin/../arm-none-eabi -X -o cmTC_47634 /mnt/e/watch/WeixinCMake_Project/WeixinCMake/ToolChain/linux/gcc-arm-none-eabi-9-2019-q4-major/bin/../lib/gcc/arm-none-eabi/9.2.1/crti.o /mnt/e/watch/WeixinCMake_Project/WeixinCMake/ToolChain/linux/gcc-arm-none-eabi-9-2019-q4-major/bin/../lib/gcc/arm-none-eabi/9.2.1/crtbegin.o /mnt/e/watch/WeixinCMake_Project/WeixinCMake/ToolChain/linux/gcc-arm-none-eabi-9-2019-q4-major/bin/../lib/gcc/arm-none-eabi/9.2.1/../../../../arm-none-eabi/lib/crt0.o -L/mnt/e/watch/WeixinCMake_Project/WeixinCMake/ToolChain/linux/gcc-arm-none-eabi-9-2019-q4-major/bin/../lib/gcc/arm-none-eabi/9.2.1 -L/mnt/e/watch/WeixinCMake_Project/WeixinCMake/ToolChain/linux/gcc-arm-none-eabi-9-2019-q4-major/bin/../lib/gcc -L/mnt/e/watch/WeixinCMake_Project/WeixinCMake/ToolChain/linux/gcc-arm-none-eabi-9-2019-q4-major/bin/../lib/gcc/arm-none-eabi/9.2.1/../../../../arm-none-eabi/lib -L/mnt/e/watch/WeixinCMake_Project/WeixinCMake/ToolChain/linux/gcc-arm-none-eabi-9-2019-q4-major/bin/../arm-none-eabi/lib CMakeFiles/cmTC_47634.dir/CMakeCCompilerABI.c.obj --start-group -lgcc -lc_nano --end-group --start-group -lgcc -lc_nano -lnosys --end-group --start-group -lgcc -lc_nano -lnosys --end-group /mnt/e/watch/WeixinCMake_Project/WeixinCMake/ToolChain/linux/gcc-arm-none-eabi-9-2019-q4-major/bin/../lib/gcc/arm-none-eabi/9.2.1/crtend.o /mnt/e/watch/WeixinCMake_Project/WeixinCMake/ToolChain/linux/gcc-arm-none-eabi-9-2019-q4-major/bin/../lib/gcc/arm-none-eabi/9.2.1/crtn.o]
    arg [/mnt/e/watch/WeixinCMake_Project/WeixinCMake/ToolChain/linux/gcc-arm-none-eabi-9-2019-q4-major/bin/../lib/gcc/arm-none-eabi/9.2.1/collect2] ==> ignore
    arg [-plugin] ==> ignore
    arg [/mnt/e/watch/WeixinCMake_Project/WeixinCMake/ToolChain/linux/gcc-arm-none-eabi-9-2019-q4-major/bin/../lib/gcc/arm-none-eabi/9.2.1/liblto_plugin.so] ==> ignore
    arg [-plugin-opt=/mnt/e/watch/WeixinCMake_Project/WeixinCMake/ToolChain/linux/gcc-arm-none-eabi-9-2019-q4-major/bin/../lib/gcc/arm-none-eabi/9.2.1/lto-wrapper] ==> ignore
    arg [-plugin-opt=-fresolution=/tmp/ccniWoii.res] ==> ignore
    arg [-plugin-opt=-pass-through=-lgcc] ==> ignore
    arg [-plugin-opt=-pass-through=-lc_nano] ==> ignore
    arg [-plugin-opt=-pass-through=-lgcc] ==> ignore
    arg [-plugin-opt=-pass-through=-lc_nano] ==> ignore
    arg [-plugin-opt=-pass-through=-lnosys] ==> ignore
    arg [-plugin-opt=-pass-through=-lgcc] ==> ignore
    arg [-plugin-opt=-pass-through=-lc_nano] ==> ignore
    arg [-plugin-opt=-pass-through=-lnosys] ==> ignore
    arg [--sysroot=/mnt/e/watch/WeixinCMake_Project/WeixinCMake/ToolChain/linux/gcc-arm-none-eabi-9-2019-q4-major/bin/../arm-none-eabi] ==> ignore
    arg [-X] ==> ignore
    arg [-o] ==> ignore
    arg [cmTC_47634] ==> ignore
    arg [/mnt/e/watch/WeixinCMake_Project/WeixinCMake/ToolChain/linux/gcc-arm-none-eabi-9-2019-q4-major/bin/../lib/gcc/arm-none-eabi/9.2.1/crti.o] ==> ignore
    arg [/mnt/e/watch/WeixinCMake_Project/WeixinCMake/ToolChain/linux/gcc-arm-none-eabi-9-2019-q4-major/bin/../lib/gcc/arm-none-eabi/9.2.1/crtbegin.o] ==> ignore
    arg [/mnt/e/watch/WeixinCMake_Project/WeixinCMake/ToolChain/linux/gcc-arm-none-eabi-9-2019-q4-major/bin/../lib/gcc/arm-none-eabi/9.2.1/../../../../arm-none-eabi/lib/crt0.o] ==> ignore
    arg [-L/mnt/e/watch/WeixinCMake_Project/WeixinCMake/ToolChain/linux/gcc-arm-none-eabi-9-2019-q4-major/bin/../lib/gcc/arm-none-eabi/9.2.1] ==> dir [/mnt/e/watch/WeixinCMake_Project/WeixinCMake/ToolChain/linux/gcc-arm-none-eabi-9-2019-q4-major/bin/../lib/gcc/arm-none-eabi/9.2.1]
    arg [-L/mnt/e/watch/WeixinCMake_Project/WeixinCMake/ToolChain/linux/gcc-arm-none-eabi-9-2019-q4-major/bin/../lib/gcc] ==> dir [/mnt/e/watch/WeixinCMake_Project/WeixinCMake/ToolChain/linux/gcc-arm-none-eabi-9-2019-q4-major/bin/../lib/gcc]
    arg [-L/mnt/e/watch/WeixinCMake_Project/WeixinCMake/ToolChain/linux/gcc-arm-none-eabi-9-2019-q4-major/bin/../lib/gcc/arm-none-eabi/9.2.1/../../../../arm-none-eabi/lib] ==> dir [/mnt/e/watch/WeixinCMake_Project/WeixinCMake/ToolChain/linux/gcc-arm-none-eabi-9-2019-q4-major/bin/../lib/gcc/arm-none-eabi/9.2.1/../../../../arm-none-eabi/lib]
    arg [-L/mnt/e/watch/WeixinCMake_Project/WeixinCMake/ToolChain/linux/gcc-arm-none-eabi-9-2019-q4-major/bin/../arm-none-eabi/lib] ==> dir [/mnt/e/watch/WeixinCMake_Project/WeixinCMake/ToolChain/linux/gcc-arm-none-eabi-9-2019-q4-major/bin/../arm-none-eabi/lib]
    arg [CMakeFiles/cmTC_47634.dir/CMakeCCompilerABI.c.obj] ==> ignore
    arg [--start-group] ==> ignore
    arg [-lgcc] ==> lib [gcc]
    arg [-lc_nano] ==> lib [c_nano]
    arg [--end-group] ==> ignore
    arg [--start-group] ==> ignore
    arg [-lgcc] ==> lib [gcc]
    arg [-lc_nano] ==> lib [c_nano]
    arg [-lnosys] ==> lib [nosys]
    arg [--end-group] ==> ignore
    arg [--start-group] ==> ignore
    arg [-lgcc] ==> lib [gcc]
    arg [-lc_nano] ==> lib [c_nano]
    arg [-lnosys] ==> lib [nosys]
    arg [--end-group] ==> ignore
    arg [/mnt/e/watch/WeixinCMake_Project/WeixinCMake/ToolChain/linux/gcc-arm-none-eabi-9-2019-q4-major/bin/../lib/gcc/arm-none-eabi/9.2.1/crtend.o] ==> ignore
    arg [/mnt/e/watch/WeixinCMake_Project/WeixinCMake/ToolChain/linux/gcc-arm-none-eabi-9-2019-q4-major/bin/../lib/gcc/arm-none-eabi/9.2.1/crtn.o] ==> ignore
  remove lib [gcc]
  remove lib [gcc]
  remove lib [gcc]
  collapse library dir [/mnt/e/watch/WeixinCMake_Project/WeixinCMake/ToolChain/linux/gcc-arm-none-eabi-9-2019-q4-major/bin/../lib/gcc/arm-none-eabi/9.2.1] ==> [/mnt/e/watch/WeixinCMake_Project/WeixinCMake/ToolChain/linux/gcc-arm-none-eabi-9-2019-q4-major/lib/gcc/arm-none-eabi/9.2.1]
  collapse library dir [/mnt/e/watch/WeixinCMake_Project/WeixinCMake/ToolChain/linux/gcc-arm-none-eabi-9-2019-q4-major/bin/../lib/gcc] ==> [/mnt/e/watch/WeixinCMake_Project/WeixinCMake/ToolChain/linux/gcc-arm-none-eabi-9-2019-q4-major/lib/gcc]
  collapse library dir [/mnt/e/watch/WeixinCMake_Project/WeixinCMake/ToolChain/linux/gcc-arm-none-eabi-9-2019-q4-major/bin/../lib/gcc/arm-none-eabi/9.2.1/../../../../arm-none-eabi/lib] ==> [/mnt/e/watch/WeixinCMake_Project/WeixinCMake/ToolChain/linux/gcc-arm-none-eabi-9-2019-q4-major/arm-none-eabi/lib]
  collapse library dir [/mnt/e/watch/WeixinCMake_Project/WeixinCMake/ToolChain/linux/gcc-arm-none-eabi-9-2019-q4-major/bin/../arm-none-eabi/lib] ==> [/mnt/e/watch/WeixinCMake_Project/WeixinCMake/ToolChain/linux/gcc-arm-none-eabi-9-2019-q4-major/arm-none-eabi/lib]
  implicit libs: [c_nano;c_nano;nosys;c_nano;nosys]
  implicit dirs: [/mnt/e/watch/WeixinCMake_Project/WeixinCMake/ToolChain/linux/gcc-arm-none-eabi-9-2019-q4-major/lib/gcc/arm-none-eabi/9.2.1;/mnt/e/watch/WeixinCMake_Project/WeixinCMake/ToolChain/linux/gcc-arm-none-eabi-9-2019-q4-major/lib/gcc;/mnt/e/watch/WeixinCMake_Project/WeixinCMake/ToolChain/linux/gcc-arm-none-eabi-9-2019-q4-major/arm-none-eabi/lib]
  implicit fwks: []


Determining if the CXX compiler works passed with the following output:
Change Dir: /mnt/e/watch/WeixinCMake_Project/WeixinCMake/build/CMakeFiles/CMakeTmp

Run Build Command:"/usr/bin/make" "cmTC_2e7cb/fast"
/usr/bin/make -f CMakeFiles/cmTC_2e7cb.dir/build.make CMakeFiles/cmTC_2e7cb.dir/build
make[1]: Entering directory '/mnt/e/watch/WeixinCMake_Project/WeixinCMake/build/CMakeFiles/CMakeTmp'
Building CXX object CMakeFiles/cmTC_2e7cb.dir/testCXXCompiler.cxx.obj
/mnt/e/watch/WeixinCMake_Project/WeixinCMake/ToolChain/linux/gcc-arm-none-eabi-9-2019-q4-major/bin/arm-none-eabi-g++     -o CMakeFiles/cmTC_2e7cb.dir/testCXXCompiler.cxx.obj -c /mnt/e/watch/WeixinCMake_Project/WeixinCMake/build/CMakeFiles/CMakeTmp/testCXXCompiler.cxx
Linking CXX executable cmTC_2e7cb
/usr/local/bin/cmake -E cmake_link_script CMakeFiles/cmTC_2e7cb.dir/link.txt --verbose=1
/mnt/e/watch/WeixinCMake_Project/WeixinCMake/ToolChain/linux/gcc-arm-none-eabi-9-2019-q4-major/bin/arm-none-eabi-g++      --specs=nosys.specs --specs=nano.specs  CMakeFiles/cmTC_2e7cb.dir/testCXXCompiler.cxx.obj  -o cmTC_2e7cb  
make[1]: Leaving directory '/mnt/e/watch/WeixinCMake_Project/WeixinCMake/build/CMakeFiles/CMakeTmp'


Detecting CXX compiler ABI info compiled with the following output:
Change Dir: /mnt/e/watch/WeixinCMake_Project/WeixinCMake/build/CMakeFiles/CMakeTmp

Run Build Command:"/usr/bin/make" "cmTC_8e8c9/fast"
/usr/bin/make -f CMakeFiles/cmTC_8e8c9.dir/build.make CMakeFiles/cmTC_8e8c9.dir/build
make[1]: Entering directory '/mnt/e/watch/WeixinCMake_Project/WeixinCMake/build/CMakeFiles/CMakeTmp'
Building CXX object CMakeFiles/cmTC_8e8c9.dir/CMakeCXXCompilerABI.cpp.obj
/mnt/e/watch/WeixinCMake_Project/WeixinCMake/ToolChain/linux/gcc-arm-none-eabi-9-2019-q4-major/bin/arm-none-eabi-g++     -o CMakeFiles/cmTC_8e8c9.dir/CMakeCXXCompilerABI.cpp.obj -c /usr/local/share/cmake-3.3/Modules/CMakeCXXCompilerABI.cpp
Linking CXX executable cmTC_8e8c9
/usr/local/bin/cmake -E cmake_link_script CMakeFiles/cmTC_8e8c9.dir/link.txt --verbose=1
/mnt/e/watch/WeixinCMake_Project/WeixinCMake/ToolChain/linux/gcc-arm-none-eabi-9-2019-q4-major/bin/arm-none-eabi-g++      --specs=nosys.specs --specs=nano.specs -v CMakeFiles/cmTC_8e8c9.dir/CMakeCXXCompilerABI.cpp.obj  -o cmTC_8e8c9   
Using built-in specs.
Reading specs from /mnt/e/watch/WeixinCMake_Project/WeixinCMake/ToolChain/linux/gcc-arm-none-eabi-9-2019-q4-major/bin/../lib/gcc/arm-none-eabi/9.2.1/../../../../arm-none-eabi/lib/nosys.specs
rename spec link_gcc_c_sequence to nosys_link_gcc_c_sequence
Reading specs from /mnt/e/watch/WeixinCMake_Project/WeixinCMake/ToolChain/linux/gcc-arm-none-eabi-9-2019-q4-major/bin/../lib/gcc/arm-none-eabi/9.2.1/../../../../arm-none-eabi/lib/nano.specs
rename spec link to nano_link
rename spec link_gcc_c_sequence to nano_link_gcc_c_sequence
rename spec cpp_unique_options to nano_cpp_unique_options
COLLECT_GCC=/mnt/e/watch/WeixinCMake_Project/WeixinCMake/ToolChain/linux/gcc-arm-none-eabi-9-2019-q4-major/bin/arm-none-eabi-g++
COLLECT_LTO_WRAPPER=/mnt/e/watch/WeixinCMake_Project/WeixinCMake/ToolChain/linux/gcc-arm-none-eabi-9-2019-q4-major/bin/../lib/gcc/arm-none-eabi/9.2.1/lto-wrapper
Target: arm-none-eabi
Configured with: /mnt/workspace/workspace/GCC-9-pipeline/jenkins-GCC-9-pipeline-100_20191030_1572397542/src/gcc/configure --target=arm-none-eabi --prefix=/mnt/workspace/workspace/GCC-9-pipeline/jenkins-GCC-9-pipeline-100_20191030_1572397542/install-native --libexecdir=/mnt/workspace/workspace/GCC-9-pipeline/jenkins-GCC-9-pipeline-100_20191030_1572397542/install-native/lib --infodir=/mnt/workspace/workspace/GCC-9-pipeline/jenkins-GCC-9-pipeline-100_20191030_1572397542/install-native/share/doc/gcc-arm-none-eabi/info --mandir=/mnt/workspace/workspace/GCC-9-pipeline/jenkins-GCC-9-pipeline-100_20191030_1572397542/install-native/share/doc/gcc-arm-none-eabi/man --htmldir=/mnt/workspace/workspace/GCC-9-pipeline/jenkins-GCC-9-pipeline-100_20191030_1572397542/install-native/share/doc/gcc-arm-none-eabi/html --pdfdir=/mnt/workspace/workspace/GCC-9-pipeline/jenkins-GCC-9-pipeline-100_20191030_1572397542/install-native/share/doc/gcc-arm-none-eabi/pdf --enable-languages=c,c++ --enable-plugins --disable-decimal-float --disable-libffi --disable-libgomp --disable-libmudflap --disable-libquadmath --disable-libssp --disable-libstdcxx-pch --disable-nls --disable-shared --disable-threads --disable-tls --with-gnu-as --with-gnu-ld --with-newlib --with-headers=yes --with-python-dir=share/gcc-arm-none-eabi --with-sysroot=/mnt/workspace/workspace/GCC-9-pipeline/jenkins-GCC-9-pipeline-100_20191030_1572397542/install-native/arm-none-eabi --build=x86_64-linux-gnu --host=x86_64-linux-gnu --with-gmp=/mnt/workspace/workspace/GCC-9-pipeline/jenkins-GCC-9-pipeline-100_20191030_1572397542/build-native/host-libs/usr --with-mpfr=/mnt/workspace/workspace/GCC-9-pipeline/jenkins-GCC-9-pipeline-100_20191030_1572397542/build-native/host-libs/usr --with-mpc=/mnt/workspace/workspace/GCC-9-pipeline/jenkins-GCC-9-pipeline-100_20191030_1572397542/build-native/host-libs/usr --with-isl=/mnt/workspace/workspace/GCC-9-pipeline/jenkins-GCC-9-pipeline-100_20191030_1572397542/build-native/host-libs/usr --with-libelf=/mnt/workspace/workspace/GCC-9-pipeline/jenkins-GCC-9-pipeline-100_20191030_1572397542/build-native/host-libs/usr --with-host-libstdcxx='-static-libgcc -Wl,-Bstatic,-lstdc++,-Bdynamic -lm' --with-pkgversion='GNU Tools for Arm Embedded Processors 9-2019-q4-major' --with-multilib-list=rmprofile
Thread model: single
gcc version 9.2.1 20191025 (release) [ARM/arm-9-branch revision 277599] (GNU Tools for Arm Embedded Processors 9-2019-q4-major) 
COMPILER_PATH=/mnt/e/watch/WeixinCMake_Project/WeixinCMake/ToolChain/linux/gcc-arm-none-eabi-9-2019-q4-major/bin/../lib/gcc/arm-none-eabi/9.2.1/:/mnt/e/watch/WeixinCMake_Project/WeixinCMake/ToolChain/linux/gcc-arm-none-eabi-9-2019-q4-major/bin/../lib/gcc/:/mnt/e/watch/WeixinCMake_Project/WeixinCMake/ToolChain/linux/gcc-arm-none-eabi-9-2019-q4-major/bin/../lib/gcc/arm-none-eabi/9.2.1/../../../../arm-none-eabi/bin/
LIBRARY_PATH=/mnt/e/watch/WeixinCMake_Project/WeixinCMake/ToolChain/linux/gcc-arm-none-eabi-9-2019-q4-major/bin/../lib/gcc/arm-none-eabi/9.2.1/:/mnt/e/watch/WeixinCMake_Project/WeixinCMake/ToolChain/linux/gcc-arm-none-eabi-9-2019-q4-major/bin/../lib/gcc/:/mnt/e/watch/WeixinCMake_Project/WeixinCMake/ToolChain/linux/gcc-arm-none-eabi-9-2019-q4-major/bin/../lib/gcc/arm-none-eabi/9.2.1/../../../../arm-none-eabi/lib/:/mnt/e/watch/WeixinCMake_Project/WeixinCMake/ToolChain/linux/gcc-arm-none-eabi-9-2019-q4-major/bin/../arm-none-eabi/lib/
COLLECT_GCC_OPTIONS='-specs=nosys.specs' '-specs=nano.specs' '-v' '-o' 'cmTC_8e8c9' '-mcpu=arm7tdmi' '-mfloat-abi=soft' '-marm' '-march=armv4t'
 /mnt/e/watch/WeixinCMake_Project/WeixinCMake/ToolChain/linux/gcc-arm-none-eabi-9-2019-q4-major/bin/../lib/gcc/arm-none-eabi/9.2.1/collect2 -plugin /mnt/e/watch/WeixinCMake_Project/WeixinCMake/ToolChain/linux/gcc-arm-none-eabi-9-2019-q4-major/bin/../lib/gcc/arm-none-eabi/9.2.1/liblto_plugin.so -plugin-opt=/mnt/e/watch/WeixinCMake_Project/WeixinCMake/ToolChain/linux/gcc-arm-none-eabi-9-2019-q4-major/bin/../lib/gcc/arm-none-eabi/9.2.1/lto-wrapper -plugin-opt=-fresolution=/tmp/cchxXzSI.res -plugin-opt=-pass-through=-lgcc -plugin-opt=-pass-through=-lc_nano -plugin-opt=-pass-through=-lgcc -plugin-opt=-pass-through=-lc_nano -plugin-opt=-pass-through=-lnosys -plugin-opt=-pass-through=-lgcc -plugin-opt=-pass-through=-lc_nano -plugin-opt=-pass-through=-lnosys --sysroot=/mnt/e/watch/WeixinCMake_Project/WeixinCMake/ToolChain/linux/gcc-arm-none-eabi-9-2019-q4-major/bin/../arm-none-eabi -X -o cmTC_8e8c9 /mnt/e/watch/WeixinCMake_Project/WeixinCMake/ToolChain/linux/gcc-arm-none-eabi-9-2019-q4-major/bin/../lib/gcc/arm-none-eabi/9.2.1/crti.o /mnt/e/watch/WeixinCMake_Project/WeixinCMake/ToolChain/linux/gcc-arm-none-eabi-9-2019-q4-major/bin/../lib/gcc/arm-none-eabi/9.2.1/crtbegin.o /mnt/e/watch/WeixinCMake_Project/WeixinCMake/ToolChain/linux/gcc-arm-none-eabi-9-2019-q4-major/bin/../lib/gcc/arm-none-eabi/9.2.1/../../../../arm-none-eabi/lib/crt0.o -L/mnt/e/watch/WeixinCMake_Project/WeixinCMake/ToolChain/linux/gcc-arm-none-eabi-9-2019-q4-major/bin/../lib/gcc/arm-none-eabi/9.2.1 -L/mnt/e/watch/WeixinCMake_Project/WeixinCMake/ToolChain/linux/gcc-arm-none-eabi-9-2019-q4-major/bin/../lib/gcc -L/mnt/e/watch/WeixinCMake_Project/WeixinCMake/ToolChain/linux/gcc-arm-none-eabi-9-2019-q4-major/bin/../lib/gcc/arm-none-eabi/9.2.1/../../../../arm-none-eabi/lib -L/mnt/e/watch/WeixinCMake_Project/WeixinCMake/ToolChain/linux/gcc-arm-none-eabi-9-2019-q4-major/bin/../arm-none-eabi/lib CMakeFiles/cmTC_8e8c9.dir/CMakeCXXCompilerABI.cpp.obj -lstdc++_nano -lm --start-group -lgcc -lc_nano --end-group --start-group -lgcc -lc_nano -lnosys --end-group --start-group -lgcc -lc_nano -lnosys --end-group /mnt/e/watch/WeixinCMake_Project/WeixinCMake/ToolChain/linux/gcc-arm-none-eabi-9-2019-q4-major/bin/../lib/gcc/arm-none-eabi/9.2.1/crtend.o /mnt/e/watch/WeixinCMake_Project/WeixinCMake/ToolChain/linux/gcc-arm-none-eabi-9-2019-q4-major/bin/../lib/gcc/arm-none-eabi/9.2.1/crtn.o
COLLECT_GCC_OPTIONS='-specs=nosys.specs' '-specs=nano.specs' '-v' '-o' 'cmTC_8e8c9' '-mcpu=arm7tdmi' '-mfloat-abi=soft' '-marm' '-march=armv4t'
make[1]: Leaving directory '/mnt/e/watch/WeixinCMake_Project/WeixinCMake/build/CMakeFiles/CMakeTmp'


Parsed CXX implicit link information from above output:
  link line regex: [^( *|.*[/\])(arm-none-eabi-ld|([^/\]+-)?ld|collect2)[^/\]*( |$)]
  ignore line: [Change Dir: /mnt/e/watch/WeixinCMake_Project/WeixinCMake/build/CMakeFiles/CMakeTmp]
  ignore line: []
  ignore line: [Run Build Command:"/usr/bin/make" "cmTC_8e8c9/fast"]
  ignore line: [/usr/bin/make -f CMakeFiles/cmTC_8e8c9.dir/build.make CMakeFiles/cmTC_8e8c9.dir/build]
  ignore line: [make[1]: Entering directory '/mnt/e/watch/WeixinCMake_Project/WeixinCMake/build/CMakeFiles/CMakeTmp']
  ignore line: [Building CXX object CMakeFiles/cmTC_8e8c9.dir/CMakeCXXCompilerABI.cpp.obj]
  ignore line: [/mnt/e/watch/WeixinCMake_Project/WeixinCMake/ToolChain/linux/gcc-arm-none-eabi-9-2019-q4-major/bin/arm-none-eabi-g++     -o CMakeFiles/cmTC_8e8c9.dir/CMakeCXXCompilerABI.cpp.obj -c /usr/local/share/cmake-3.3/Modules/CMakeCXXCompilerABI.cpp]
  ignore line: [Linking CXX executable cmTC_8e8c9]
  ignore line: [/usr/local/bin/cmake -E cmake_link_script CMakeFiles/cmTC_8e8c9.dir/link.txt --verbose=1]
  ignore line: [/mnt/e/watch/WeixinCMake_Project/WeixinCMake/ToolChain/linux/gcc-arm-none-eabi-9-2019-q4-major/bin/arm-none-eabi-g++      --specs=nosys.specs --specs=nano.specs -v CMakeFiles/cmTC_8e8c9.dir/CMakeCXXCompilerABI.cpp.obj  -o cmTC_8e8c9   ]
  ignore line: [Using built-in specs.]
  ignore line: [Reading specs from /mnt/e/watch/WeixinCMake_Project/WeixinCMake/ToolChain/linux/gcc-arm-none-eabi-9-2019-q4-major/bin/../lib/gcc/arm-none-eabi/9.2.1/../../../../arm-none-eabi/lib/nosys.specs]
  ignore line: [rename spec link_gcc_c_sequence to nosys_link_gcc_c_sequence]
  ignore line: [Reading specs from /mnt/e/watch/WeixinCMake_Project/WeixinCMake/ToolChain/linux/gcc-arm-none-eabi-9-2019-q4-major/bin/../lib/gcc/arm-none-eabi/9.2.1/../../../../arm-none-eabi/lib/nano.specs]
  ignore line: [rename spec link to nano_link]
  ignore line: [rename spec link_gcc_c_sequence to nano_link_gcc_c_sequence]
  ignore line: [rename spec cpp_unique_options to nano_cpp_unique_options]
  ignore line: [COLLECT_GCC=/mnt/e/watch/WeixinCMake_Project/WeixinCMake/ToolChain/linux/gcc-arm-none-eabi-9-2019-q4-major/bin/arm-none-eabi-g++]
  ignore line: [COLLECT_LTO_WRAPPER=/mnt/e/watch/WeixinCMake_Project/WeixinCMake/ToolChain/linux/gcc-arm-none-eabi-9-2019-q4-major/bin/../lib/gcc/arm-none-eabi/9.2.1/lto-wrapper]
  ignore line: [Target: arm-none-eabi]
  ignore line: [Configured with: /mnt/workspace/workspace/GCC-9-pipeline/jenkins-GCC-9-pipeline-100_20191030_1572397542/src/gcc/configure --target=arm-none-eabi --prefix=/mnt/workspace/workspace/GCC-9-pipeline/jenkins-GCC-9-pipeline-100_20191030_1572397542/install-native --libexecdir=/mnt/workspace/workspace/GCC-9-pipeline/jenkins-GCC-9-pipeline-100_20191030_1572397542/install-native/lib --infodir=/mnt/workspace/workspace/GCC-9-pipeline/jenkins-GCC-9-pipeline-100_20191030_1572397542/install-native/share/doc/gcc-arm-none-eabi/info --mandir=/mnt/workspace/workspace/GCC-9-pipeline/jenkins-GCC-9-pipeline-100_20191030_1572397542/install-native/share/doc/gcc-arm-none-eabi/man --htmldir=/mnt/workspace/workspace/GCC-9-pipeline/jenkins-GCC-9-pipeline-100_20191030_1572397542/install-native/share/doc/gcc-arm-none-eabi/html --pdfdir=/mnt/workspace/workspace/GCC-9-pipeline/jenkins-GCC-9-pipeline-100_20191030_1572397542/install-native/share/doc/gcc-arm-none-eabi/pdf --enable-languages=c,c++ --enable-plugins --disable-decimal-float --disable-libffi --disable-libgomp --disable-libmudflap --disable-libquadmath --disable-libssp --disable-libstdcxx-pch --disable-nls --disable-shared --disable-threads --disable-tls --with-gnu-as --with-gnu-ld --with-newlib --with-headers=yes --with-python-dir=share/gcc-arm-none-eabi --with-sysroot=/mnt/workspace/workspace/GCC-9-pipeline/jenkins-GCC-9-pipeline-100_20191030_1572397542/install-native/arm-none-eabi --build=x86_64-linux-gnu --host=x86_64-linux-gnu --with-gmp=/mnt/workspace/workspace/GCC-9-pipeline/jenkins-GCC-9-pipeline-100_20191030_1572397542/build-native/host-libs/usr --with-mpfr=/mnt/workspace/workspace/GCC-9-pipeline/jenkins-GCC-9-pipeline-100_20191030_1572397542/build-native/host-libs/usr --with-mpc=/mnt/workspace/workspace/GCC-9-pipeline/jenkins-GCC-9-pipeline-100_20191030_1572397542/build-native/host-libs/usr --with-isl=/mnt/workspace/workspace/GCC-9-pipeline/jenkins-GCC-9-pipeline-100_20191030_1572397542/build-native/host-libs/usr --with-libelf=/mnt/workspace/workspace/GCC-9-pipeline/jenkins-GCC-9-pipeline-100_20191030_1572397542/build-native/host-libs/usr --with-host-libstdcxx='-static-libgcc -Wl,-Bstatic,-lstdc++,-Bdynamic -lm' --with-pkgversion='GNU Tools for Arm Embedded Processors 9-2019-q4-major' --with-multilib-list=rmprofile]
  ignore line: [Thread model: single]
  ignore line: [gcc version 9.2.1 20191025 (release) [ARM/arm-9-branch revision 277599] (GNU Tools for Arm Embedded Processors 9-2019-q4-major) ]
  ignore line: [COMPILER_PATH=/mnt/e/watch/WeixinCMake_Project/WeixinCMake/ToolChain/linux/gcc-arm-none-eabi-9-2019-q4-major/bin/../lib/gcc/arm-none-eabi/9.2.1/:/mnt/e/watch/WeixinCMake_Project/WeixinCMake/ToolChain/linux/gcc-arm-none-eabi-9-2019-q4-major/bin/../lib/gcc/:/mnt/e/watch/WeixinCMake_Project/WeixinCMake/ToolChain/linux/gcc-arm-none-eabi-9-2019-q4-major/bin/../lib/gcc/arm-none-eabi/9.2.1/../../../../arm-none-eabi/bin/]
  ignore line: [LIBRARY_PATH=/mnt/e/watch/WeixinCMake_Project/WeixinCMake/ToolChain/linux/gcc-arm-none-eabi-9-2019-q4-major/bin/../lib/gcc/arm-none-eabi/9.2.1/:/mnt/e/watch/WeixinCMake_Project/WeixinCMake/ToolChain/linux/gcc-arm-none-eabi-9-2019-q4-major/bin/../lib/gcc/:/mnt/e/watch/WeixinCMake_Project/WeixinCMake/ToolChain/linux/gcc-arm-none-eabi-9-2019-q4-major/bin/../lib/gcc/arm-none-eabi/9.2.1/../../../../arm-none-eabi/lib/:/mnt/e/watch/WeixinCMake_Project/WeixinCMake/ToolChain/linux/gcc-arm-none-eabi-9-2019-q4-major/bin/../arm-none-eabi/lib/]
  ignore line: [COLLECT_GCC_OPTIONS='-specs=nosys.specs' '-specs=nano.specs' '-v' '-o' 'cmTC_8e8c9' '-mcpu=arm7tdmi' '-mfloat-abi=soft' '-marm' '-march=armv4t']
  link line: [ /mnt/e/watch/WeixinCMake_Project/WeixinCMake/ToolChain/linux/gcc-arm-none-eabi-9-2019-q4-major/bin/../lib/gcc/arm-none-eabi/9.2.1/collect2 -plugin /mnt/e/watch/WeixinCMake_Project/WeixinCMake/ToolChain/linux/gcc-arm-none-eabi-9-2019-q4-major/bin/../lib/gcc/arm-none-eabi/9.2.1/liblto_plugin.so -plugin-opt=/mnt/e/watch/WeixinCMake_Project/WeixinCMake/ToolChain/linux/gcc-arm-none-eabi-9-2019-q4-major/bin/../lib/gcc/arm-none-eabi/9.2.1/lto-wrapper -plugin-opt=-fresolution=/tmp/cchxXzSI.res -plugin-opt=-pass-through=-lgcc -plugin-opt=-pass-through=-lc_nano -plugin-opt=-pass-through=-lgcc -plugin-opt=-pass-through=-lc_nano -plugin-opt=-pass-through=-lnosys -plugin-opt=-pass-through=-lgcc -plugin-opt=-pass-through=-lc_nano -plugin-opt=-pass-through=-lnosys --sysroot=/mnt/e/watch/WeixinCMake_Project/WeixinCMake/ToolChain/linux/gcc-arm-none-eabi-9-2019-q4-major/bin/../arm-none-eabi -X -o cmTC_8e8c9 /mnt/e/watch/WeixinCMake_Project/WeixinCMake/ToolChain/linux/gcc-arm-none-eabi-9-2019-q4-major/bin/../lib/gcc/arm-none-eabi/9.2.1/crti.o /mnt/e/watch/WeixinCMake_Project/WeixinCMake/ToolChain/linux/gcc-arm-none-eabi-9-2019-q4-major/bin/../lib/gcc/arm-none-eabi/9.2.1/crtbegin.o /mnt/e/watch/WeixinCMake_Project/WeixinCMake/ToolChain/linux/gcc-arm-none-eabi-9-2019-q4-major/bin/../lib/gcc/arm-none-eabi/9.2.1/../../../../arm-none-eabi/lib/crt0.o -L/mnt/e/watch/WeixinCMake_Project/WeixinCMake/ToolChain/linux/gcc-arm-none-eabi-9-2019-q4-major/bin/../lib/gcc/arm-none-eabi/9.2.1 -L/mnt/e/watch/WeixinCMake_Project/WeixinCMake/ToolChain/linux/gcc-arm-none-eabi-9-2019-q4-major/bin/../lib/gcc -L/mnt/e/watch/WeixinCMake_Project/WeixinCMake/ToolChain/linux/gcc-arm-none-eabi-9-2019-q4-major/bin/../lib/gcc/arm-none-eabi/9.2.1/../../../../arm-none-eabi/lib -L/mnt/e/watch/WeixinCMake_Project/WeixinCMake/ToolChain/linux/gcc-arm-none-eabi-9-2019-q4-major/bin/../arm-none-eabi/lib CMakeFiles/cmTC_8e8c9.dir/CMakeCXXCompilerABI.cpp.obj -lstdc++_nano -lm --start-group -lgcc -lc_nano --end-group --start-group -lgcc -lc_nano -lnosys --end-group --start-group -lgcc -lc_nano -lnosys --end-group /mnt/e/watch/WeixinCMake_Project/WeixinCMake/ToolChain/linux/gcc-arm-none-eabi-9-2019-q4-major/bin/../lib/gcc/arm-none-eabi/9.2.1/crtend.o /mnt/e/watch/WeixinCMake_Project/WeixinCMake/ToolChain/linux/gcc-arm-none-eabi-9-2019-q4-major/bin/../lib/gcc/arm-none-eabi/9.2.1/crtn.o]
    arg [/mnt/e/watch/WeixinCMake_Project/WeixinCMake/ToolChain/linux/gcc-arm-none-eabi-9-2019-q4-major/bin/../lib/gcc/arm-none-eabi/9.2.1/collect2] ==> ignore
    arg [-plugin] ==> ignore
    arg [/mnt/e/watch/WeixinCMake_Project/WeixinCMake/ToolChain/linux/gcc-arm-none-eabi-9-2019-q4-major/bin/../lib/gcc/arm-none-eabi/9.2.1/liblto_plugin.so] ==> ignore
    arg [-plugin-opt=/mnt/e/watch/WeixinCMake_Project/WeixinCMake/ToolChain/linux/gcc-arm-none-eabi-9-2019-q4-major/bin/../lib/gcc/arm-none-eabi/9.2.1/lto-wrapper] ==> ignore
    arg [-plugin-opt=-fresolution=/tmp/cchxXzSI.res] ==> ignore
    arg [-plugin-opt=-pass-through=-lgcc] ==> ignore
    arg [-plugin-opt=-pass-through=-lc_nano] ==> ignore
    arg [-plugin-opt=-pass-through=-lgcc] ==> ignore
    arg [-plugin-opt=-pass-through=-lc_nano] ==> ignore
    arg [-plugin-opt=-pass-through=-lnosys] ==> ignore
    arg [-plugin-opt=-pass-through=-lgcc] ==> ignore
    arg [-plugin-opt=-pass-through=-lc_nano] ==> ignore
    arg [-plugin-opt=-pass-through=-lnosys] ==> ignore
    arg [--sysroot=/mnt/e/watch/WeixinCMake_Project/WeixinCMake/ToolChain/linux/gcc-arm-none-eabi-9-2019-q4-major/bin/../arm-none-eabi] ==> ignore
    arg [-X] ==> ignore
    arg [-o] ==> ignore
    arg [cmTC_8e8c9] ==> ignore
    arg [/mnt/e/watch/WeixinCMake_Project/WeixinCMake/ToolChain/linux/gcc-arm-none-eabi-9-2019-q4-major/bin/../lib/gcc/arm-none-eabi/9.2.1/crti.o] ==> ignore
    arg [/mnt/e/watch/WeixinCMake_Project/WeixinCMake/ToolChain/linux/gcc-arm-none-eabi-9-2019-q4-major/bin/../lib/gcc/arm-none-eabi/9.2.1/crtbegin.o] ==> ignore
    arg [/mnt/e/watch/WeixinCMake_Project/WeixinCMake/ToolChain/linux/gcc-arm-none-eabi-9-2019-q4-major/bin/../lib/gcc/arm-none-eabi/9.2.1/../../../../arm-none-eabi/lib/crt0.o] ==> ignore
    arg [-L/mnt/e/watch/WeixinCMake_Project/WeixinCMake/ToolChain/linux/gcc-arm-none-eabi-9-2019-q4-major/bin/../lib/gcc/arm-none-eabi/9.2.1] ==> dir [/mnt/e/watch/WeixinCMake_Project/WeixinCMake/ToolChain/linux/gcc-arm-none-eabi-9-2019-q4-major/bin/../lib/gcc/arm-none-eabi/9.2.1]
    arg [-L/mnt/e/watch/WeixinCMake_Project/WeixinCMake/ToolChain/linux/gcc-arm-none-eabi-9-2019-q4-major/bin/../lib/gcc] ==> dir [/mnt/e/watch/WeixinCMake_Project/WeixinCMake/ToolChain/linux/gcc-arm-none-eabi-9-2019-q4-major/bin/../lib/gcc]
    arg [-L/mnt/e/watch/WeixinCMake_Project/WeixinCMake/ToolChain/linux/gcc-arm-none-eabi-9-2019-q4-major/bin/../lib/gcc/arm-none-eabi/9.2.1/../../../../arm-none-eabi/lib] ==> dir [/mnt/e/watch/WeixinCMake_Project/WeixinCMake/ToolChain/linux/gcc-arm-none-eabi-9-2019-q4-major/bin/../lib/gcc/arm-none-eabi/9.2.1/../../../../arm-none-eabi/lib]
    arg [-L/mnt/e/watch/WeixinCMake_Project/WeixinCMake/ToolChain/linux/gcc-arm-none-eabi-9-2019-q4-major/bin/../arm-none-eabi/lib] ==> dir [/mnt/e/watch/WeixinCMake_Project/WeixinCMake/ToolChain/linux/gcc-arm-none-eabi-9-2019-q4-major/bin/../arm-none-eabi/lib]
    arg [CMakeFiles/cmTC_8e8c9.dir/CMakeCXXCompilerABI.cpp.obj] ==> ignore
    arg [-lstdc++_nano] ==> lib [stdc++_nano]
    arg [-lm] ==> lib [m]
    arg [--start-group] ==> ignore
    arg [-lgcc] ==> lib [gcc]
    arg [-lc_nano] ==> lib [c_nano]
    arg [--end-group] ==> ignore
    arg [--start-group] ==> ignore
    arg [-lgcc] ==> lib [gcc]
    arg [-lc_nano] ==> lib [c_nano]
    arg [-lnosys] ==> lib [nosys]
    arg [--end-group] ==> ignore
    arg [--start-group] ==> ignore
    arg [-lgcc] ==> lib [gcc]
    arg [-lc_nano] ==> lib [c_nano]
    arg [-lnosys] ==> lib [nosys]
    arg [--end-group] ==> ignore
    arg [/mnt/e/watch/WeixinCMake_Project/WeixinCMake/ToolChain/linux/gcc-arm-none-eabi-9-2019-q4-major/bin/../lib/gcc/arm-none-eabi/9.2.1/crtend.o] ==> ignore
    arg [/mnt/e/watch/WeixinCMake_Project/WeixinCMake/ToolChain/linux/gcc-arm-none-eabi-9-2019-q4-major/bin/../lib/gcc/arm-none-eabi/9.2.1/crtn.o] ==> ignore
  remove lib [gcc]
  remove lib [gcc]
  remove lib [gcc]
  collapse library dir [/mnt/e/watch/WeixinCMake_Project/WeixinCMake/ToolChain/linux/gcc-arm-none-eabi-9-2019-q4-major/bin/../lib/gcc/arm-none-eabi/9.2.1] ==> [/mnt/e/watch/WeixinCMake_Project/WeixinCMake/ToolChain/linux/gcc-arm-none-eabi-9-2019-q4-major/lib/gcc/arm-none-eabi/9.2.1]
  collapse library dir [/mnt/e/watch/WeixinCMake_Project/WeixinCMake/ToolChain/linux/gcc-arm-none-eabi-9-2019-q4-major/bin/../lib/gcc] ==> [/mnt/e/watch/WeixinCMake_Project/WeixinCMake/ToolChain/linux/gcc-arm-none-eabi-9-2019-q4-major/lib/gcc]
  collapse library dir [/mnt/e/watch/WeixinCMake_Project/WeixinCMake/ToolChain/linux/gcc-arm-none-eabi-9-2019-q4-major/bin/../lib/gcc/arm-none-eabi/9.2.1/../../../../arm-none-eabi/lib] ==> [/mnt/e/watch/WeixinCMake_Project/WeixinCMake/ToolChain/linux/gcc-arm-none-eabi-9-2019-q4-major/arm-none-eabi/lib]
  collapse library dir [/mnt/e/watch/WeixinCMake_Project/WeixinCMake/ToolChain/linux/gcc-arm-none-eabi-9-2019-q4-major/bin/../arm-none-eabi/lib] ==> [/mnt/e/watch/WeixinCMake_Project/WeixinCMake/ToolChain/linux/gcc-arm-none-eabi-9-2019-q4-major/arm-none-eabi/lib]
  implicit libs: [stdc++_nano;m;c_nano;c_nano;nosys;c_nano;nosys]
  implicit dirs: [/mnt/e/watch/WeixinCMake_Project/WeixinCMake/ToolChain/linux/gcc-arm-none-eabi-9-2019-q4-major/lib/gcc/arm-none-eabi/9.2.1;/mnt/e/watch/WeixinCMake_Project/WeixinCMake/ToolChain/linux/gcc-arm-none-eabi-9-2019-q4-major/lib/gcc;/mnt/e/watch/WeixinCMake_Project/WeixinCMake/ToolChain/linux/gcc-arm-none-eabi-9-2019-q4-major/arm-none-eabi/lib]
  implicit fwks: []




Detecting CXX [-std=c++14] compiler features compiled with the following output:
Change Dir: /mnt/e/watch/WeixinCMake_Project/WeixinCMake/build/CMakeFiles/CMakeTmp

Run Build Command:"/usr/bin/make" "cmTC_fcdfe/fast"
/usr/bin/make -f CMakeFiles/cmTC_fcdfe.dir/build.make CMakeFiles/cmTC_fcdfe.dir/build
make[1]: Entering directory '/mnt/e/watch/WeixinCMake_Project/WeixinCMake/build/CMakeFiles/CMakeTmp'
Building CXX object CMakeFiles/cmTC_fcdfe.dir/feature_tests.cxx.obj
/mnt/e/watch/WeixinCMake_Project/WeixinCMake/ToolChain/linux/gcc-arm-none-eabi-9-2019-q4-major/bin/arm-none-eabi-g++    -std=c++14 -o CMakeFiles/cmTC_fcdfe.dir/feature_tests.cxx.obj -c /mnt/e/watch/WeixinCMake_Project/WeixinCMake/build/CMakeFiles/feature_tests.cxx
Linking CXX executable cmTC_fcdfe
/usr/local/bin/cmake -E cmake_link_script CMakeFiles/cmTC_fcdfe.dir/link.txt --verbose=1
/mnt/e/watch/WeixinCMake_Project/WeixinCMake/ToolChain/linux/gcc-arm-none-eabi-9-2019-q4-major/bin/arm-none-eabi-g++      --specs=nosys.specs --specs=nano.specs  CMakeFiles/cmTC_fcdfe.dir/feature_tests.cxx.obj  -o cmTC_fcdfe  
make[1]: Leaving directory '/mnt/e/watch/WeixinCMake_Project/WeixinCMake/build/CMakeFiles/CMakeTmp'


    Feature record: CXX_FEATURE:1cxx_aggregate_default_initializers
    Feature record: CXX_FEATURE:1cxx_alias_templates
    Feature record: CXX_FEATURE:1cxx_alignas
    Feature record: CXX_FEATURE:1cxx_alignof
    Feature record: CXX_FEATURE:1cxx_attributes
    Feature record: CXX_FEATURE:1cxx_attribute_deprecated
    Feature record: CXX_FEATURE:1cxx_auto_type
    Feature record: CXX_FEATURE:1cxx_binary_literals
    Feature record: CXX_FEATURE:1cxx_constexpr
    Feature record: CXX_FEATURE:1cxx_contextual_conversions
    Feature record: CXX_FEATURE:1cxx_decltype
    Feature record: CXX_FEATURE:1cxx_decltype_auto
    Feature record: CXX_FEATURE:1cxx_decltype_incomplete_return_types
    Feature record: CXX_FEATURE:1cxx_default_function_template_args
    Feature record: CXX_FEATURE:1cxx_defaulted_functions
    Feature record: CXX_FEATURE:1cxx_defaulted_move_initializers
    Feature record: CXX_FEATURE:1cxx_delegating_constructors
    Feature record: CXX_FEATURE:1cxx_deleted_functions
    Feature record: CXX_FEATURE:1cxx_digit_separators
    Feature record: CXX_FEATURE:1cxx_enum_forward_declarations
    Feature record: CXX_FEATURE:1cxx_explicit_conversions
    Feature record: CXX_FEATURE:1cxx_extended_friend_declarations
    Feature record: CXX_FEATURE:1cxx_extern_templates
    Feature record: CXX_FEATURE:1cxx_final
    Feature record: CXX_FEATURE:1cxx_func_identifier
    Feature record: CXX_FEATURE:1cxx_generalized_initializers
    Feature record: CXX_FEATURE:1cxx_generic_lambdas
    Feature record: CXX_FEATURE:1cxx_inheriting_constructors
    Feature record: CXX_FEATURE:1cxx_inline_namespaces
    Feature record: CXX_FEATURE:1cxx_lambdas
    Feature record: CXX_FEATURE:1cxx_lambda_init_captures
    Feature record: CXX_FEATURE:1cxx_local_type_template_args
    Feature record: CXX_FEATURE:1cxx_long_long_type
    Feature record: CXX_FEATURE:1cxx_noexcept
    Feature record: CXX_FEATURE:1cxx_nonstatic_member_init
    Feature record: CXX_FEATURE:1cxx_nullptr
    Feature record: CXX_FEATURE:1cxx_override
    Feature record: CXX_FEATURE:1cxx_range_for
    Feature record: CXX_FEATURE:1cxx_raw_string_literals
    Feature record: CXX_FEATURE:1cxx_reference_qualified_functions
    Feature record: CXX_FEATURE:1cxx_relaxed_constexpr
    Feature record: CXX_FEATURE:1cxx_return_type_deduction
    Feature record: CXX_FEATURE:1cxx_right_angle_brackets
    Feature record: CXX_FEATURE:1cxx_rvalue_references
    Feature record: CXX_FEATURE:1cxx_sizeof_member
    Feature record: CXX_FEATURE:1cxx_static_assert
    Feature record: CXX_FEATURE:1cxx_strong_enums
    Feature record: CXX_FEATURE:1cxx_template_template_parameters
    Feature record: CXX_FEATURE:1cxx_thread_local
    Feature record: CXX_FEATURE:1cxx_trailing_return_types
    Feature record: CXX_FEATURE:1cxx_unicode_literals
    Feature record: CXX_FEATURE:1cxx_uniform_initialization
    Feature record: CXX_FEATURE:1cxx_unrestricted_unions
    Feature record: CXX_FEATURE:1cxx_user_literals
    Feature record: CXX_FEATURE:1cxx_variable_templates
    Feature record: CXX_FEATURE:1cxx_variadic_macros
    Feature record: CXX_FEATURE:1cxx_variadic_templates


Detecting CXX [-std=c++11] compiler features compiled with the following output:
Change Dir: /mnt/e/watch/WeixinCMake_Project/WeixinCMake/build/CMakeFiles/CMakeTmp

Run Build Command:"/usr/bin/make" "cmTC_96531/fast"
/usr/bin/make -f CMakeFiles/cmTC_96531.dir/build.make CMakeFiles/cmTC_96531.dir/build
make[1]: Entering directory '/mnt/e/watch/WeixinCMake_Project/WeixinCMake/build/CMakeFiles/CMakeTmp'
Building CXX object CMakeFiles/cmTC_96531.dir/feature_tests.cxx.obj
/mnt/e/watch/WeixinCMake_Project/WeixinCMake/ToolChain/linux/gcc-arm-none-eabi-9-2019-q4-major/bin/arm-none-eabi-g++    -std=c++11 -o CMakeFiles/cmTC_96531.dir/feature_tests.cxx.obj -c /mnt/e/watch/WeixinCMake_Project/WeixinCMake/build/CMakeFiles/feature_tests.cxx
Linking CXX executable cmTC_96531
/usr/local/bin/cmake -E cmake_link_script CMakeFiles/cmTC_96531.dir/link.txt --verbose=1
/mnt/e/watch/WeixinCMake_Project/WeixinCMake/ToolChain/linux/gcc-arm-none-eabi-9-2019-q4-major/bin/arm-none-eabi-g++      --specs=nosys.specs --specs=nano.specs  CMakeFiles/cmTC_96531.dir/feature_tests.cxx.obj  -o cmTC_96531  
make[1]: Leaving directory '/mnt/e/watch/WeixinCMake_Project/WeixinCMake/build/CMakeFiles/CMakeTmp'


    Feature record: CXX_FEATURE:0cxx_aggregate_default_initializers
    Feature record: CXX_FEATURE:1cxx_alias_templates
    Feature record: CXX_FEATURE:1cxx_alignas
    Feature record: CXX_FEATURE:1cxx_alignof
    Feature record: CXX_FEATURE:1cxx_attributes
    Feature record: CXX_FEATURE:0cxx_attribute_deprecated
    Feature record: CXX_FEATURE:1cxx_auto_type
    Feature record: CXX_FEATURE:0cxx_binary_literals
    Feature record: CXX_FEATURE:1cxx_constexpr
    Feature record: CXX_FEATURE:0cxx_contextual_conversions
    Feature record: CXX_FEATURE:1cxx_decltype
    Feature record: CXX_FEATURE:0cxx_decltype_auto
    Feature record: CXX_FEATURE:1cxx_decltype_incomplete_return_types
    Feature record: CXX_FEATURE:1cxx_default_function_template_args
    Feature record: CXX_FEATURE:1cxx_defaulted_functions
    Feature record: CXX_FEATURE:1cxx_defaulted_move_initializers
    Feature record: CXX_FEATURE:1cxx_delegating_constructors
    Feature record: CXX_FEATURE:1cxx_deleted_functions
    Feature record: CXX_FEATURE:0cxx_digit_separators
    Feature record: CXX_FEATURE:1cxx_enum_forward_declarations
    Feature record: CXX_FEATURE:1cxx_explicit_conversions
    Feature record: CXX_FEATURE:1cxx_extended_friend_declarations
    Feature record: CXX_FEATURE:1cxx_extern_templates
    Feature record: CXX_FEATURE:1cxx_final
    Feature record: CXX_FEATURE:1cxx_func_identifier
    Feature record: CXX_FEATURE:1cxx_generalized_initializers
    Feature record: CXX_FEATURE:0cxx_generic_lambdas
    Feature record: CXX_FEATURE:1cxx_inheriting_constructors
    Feature record: CXX_FEATURE:1cxx_inline_namespaces
    Feature record: CXX_FEATURE:1cxx_lambdas
    Feature record: CXX_FEATURE:0cxx_lambda_init_captures
    Feature record: CXX_FEATURE:1cxx_local_type_template_args
    Feature record: CXX_FEATURE:1cxx_long_long_type
    Feature record: CXX_FEATURE:1cxx_noexcept
    Feature record: CXX_FEATURE:1cxx_nonstatic_member_init
    Feature record: CXX_FEATURE:1cxx_nullptr
    Feature record: CXX_FEATURE:1cxx_override
    Feature record: CXX_FEATURE:1cxx_range_for
    Feature record: CXX_FEATURE:1cxx_raw_string_literals
    Feature record: CXX_FEATURE:1cxx_reference_qualified_functions
    Feature record: CXX_FEATURE:0cxx_relaxed_constexpr
    Feature record: CXX_FEATURE:0cxx_return_type_deduction
    Feature record: CXX_FEATURE:1cxx_right_angle_brackets
    Feature record: CXX_FEATURE:1cxx_rvalue_references
    Feature record: CXX_FEATURE:1cxx_sizeof_member
    Feature record: CXX_FEATURE:1cxx_static_assert
    Feature record: CXX_FEATURE:1cxx_strong_enums
    Feature record: CXX_FEATURE:1cxx_template_template_parameters
    Feature record: CXX_FEATURE:1cxx_thread_local
    Feature record: CXX_FEATURE:1cxx_trailing_return_types
    Feature record: CXX_FEATURE:1cxx_unicode_literals
    Feature record: CXX_FEATURE:1cxx_uniform_initialization
    Feature record: CXX_FEATURE:1cxx_unrestricted_unions
    Feature record: CXX_FEATURE:1cxx_user_literals
    Feature record: CXX_FEATURE:0cxx_variable_templates
    Feature record: CXX_FEATURE:1cxx_variadic_macros
    Feature record: CXX_FEATURE:1cxx_variadic_templates


Detecting CXX [-std=c++98] compiler features compiled with the following output:
Change Dir: /mnt/e/watch/WeixinCMake_Project/WeixinCMake/build/CMakeFiles/CMakeTmp

Run Build Command:"/usr/bin/make" "cmTC_9ea4b/fast"
/usr/bin/make -f CMakeFiles/cmTC_9ea4b.dir/build.make CMakeFiles/cmTC_9ea4b.dir/build
make[1]: Entering directory '/mnt/e/watch/WeixinCMake_Project/WeixinCMake/build/CMakeFiles/CMakeTmp'
Building CXX object CMakeFiles/cmTC_9ea4b.dir/feature_tests.cxx.obj
/mnt/e/watch/WeixinCMake_Project/WeixinCMake/ToolChain/linux/gcc-arm-none-eabi-9-2019-q4-major/bin/arm-none-eabi-g++    -std=c++98 -o CMakeFiles/cmTC_9ea4b.dir/feature_tests.cxx.obj -c /mnt/e/watch/WeixinCMake_Project/WeixinCMake/build/CMakeFiles/feature_tests.cxx
Linking CXX executable cmTC_9ea4b
/usr/local/bin/cmake -E cmake_link_script CMakeFiles/cmTC_9ea4b.dir/link.txt --verbose=1
/mnt/e/watch/WeixinCMake_Project/WeixinCMake/ToolChain/linux/gcc-arm-none-eabi-9-2019-q4-major/bin/arm-none-eabi-g++      --specs=nosys.specs --specs=nano.specs  CMakeFiles/cmTC_9ea4b.dir/feature_tests.cxx.obj  -o cmTC_9ea4b  
make[1]: Leaving directory '/mnt/e/watch/WeixinCMake_Project/WeixinCMake/build/CMakeFiles/CMakeTmp'


    Feature record: CXX_FEATURE:0cxx_aggregate_default_initializers
    Feature record: CXX_FEATURE:0cxx_alias_templates
    Feature record: CXX_FEATURE:0cxx_alignas
    Feature record: CXX_FEATURE:0cxx_alignof
    Feature record: CXX_FEATURE:0cxx_attributes
    Feature record: CXX_FEATURE:0cxx_attribute_deprecated
    Feature record: CXX_FEATURE:0cxx_auto_type
    Feature record: CXX_FEATURE:0cxx_binary_literals
    Feature record: CXX_FEATURE:0cxx_constexpr
    Feature record: CXX_FEATURE:0cxx_contextual_conversions
    Feature record: CXX_FEATURE:0cxx_decltype
    Feature record: CXX_FEATURE:0cxx_decltype_auto
    Feature record: CXX_FEATURE:0cxx_decltype_incomplete_return_types
    Feature record: CXX_FEATURE:0cxx_default_function_template_args
    Feature record: CXX_FEATURE:0cxx_defaulted_functions
    Feature record: CXX_FEATURE:0cxx_defaulted_move_initializers
    Feature record: CXX_FEATURE:0cxx_delegating_constructors
    Feature record: CXX_FEATURE:0cxx_deleted_functions
    Feature record: CXX_FEATURE:0cxx_digit_separators
    Feature record: CXX_FEATURE:0cxx_enum_forward_declarations
    Feature record: CXX_FEATURE:0cxx_explicit_conversions
    Feature record: CXX_FEATURE:0cxx_extended_friend_declarations
    Feature record: CXX_FEATURE:0cxx_extern_templates
    Feature record: CXX_FEATURE:0cxx_final
    Feature record: CXX_FEATURE:0cxx_func_identifier
    Feature record: CXX_FEATURE:0cxx_generalized_initializers
    Feature record: CXX_FEATURE:0cxx_generic_lambdas
    Feature record: CXX_FEATURE:0cxx_inheriting_constructors
    Feature record: CXX_FEATURE:0cxx_inline_namespaces
    Feature record: CXX_FEATURE:0cxx_lambdas
    Feature record: CXX_FEATURE:0cxx_lambda_init_captures
    Feature record: CXX_FEATURE:0cxx_local_type_template_args
    Feature record: CXX_FEATURE:0cxx_long_long_type
    Feature record: CXX_FEATURE:0cxx_noexcept
    Feature record: CXX_FEATURE:0cxx_nonstatic_member_init
    Feature record: CXX_FEATURE:0cxx_nullptr
    Feature record: CXX_FEATURE:0cxx_override
    Feature record: CXX_FEATURE:0cxx_range_for
    Feature record: CXX_FEATURE:0cxx_raw_string_literals
    Feature record: CXX_FEATURE:0cxx_reference_qualified_functions
    Feature record: CXX_FEATURE:0cxx_relaxed_constexpr
    Feature record: CXX_FEATURE:0cxx_return_type_deduction
    Feature record: CXX_FEATURE:0cxx_right_angle_brackets
    Feature record: CXX_FEATURE:0cxx_rvalue_references
    Feature record: CXX_FEATURE:0cxx_sizeof_member
    Feature record: CXX_FEATURE:0cxx_static_assert
    Feature record: CXX_FEATURE:0cxx_strong_enums
    Feature record: CXX_FEATURE:1cxx_template_template_parameters
    Feature record: CXX_FEATURE:0cxx_thread_local
    Feature record: CXX_FEATURE:0cxx_trailing_return_types
    Feature record: CXX_FEATURE:0cxx_unicode_literals
    Feature record: CXX_FEATURE:0cxx_uniform_initialization
    Feature record: CXX_FEATURE:0cxx_unrestricted_unions
    Feature record: CXX_FEATURE:0cxx_user_literals
    Feature record: CXX_FEATURE:0cxx_variable_templates
    Feature record: CXX_FEATURE:0cxx_variadic_macros
    Feature record: CXX_FEATURE:0cxx_variadic_templates
